<?xml version="1.0" encoding="UTF-8"?>
<testsuite name="hello.core.scope.SingletonWithPrototypeTest" tests="2" skipped="0" failures="0" errors="0" timestamp="2022-08-26T07:01:24" hostname="jeong-gyeongsuui-MacBookPro.local" time="0.365">
  <properties/>
  <testcase name="prototypeFind()" classname="hello.core.scope.SingletonWithPrototypeTest" time="0.322"/>
  <testcase name="singletonClientUsePrototype()" classname="hello.core.scope.SingletonWithPrototypeTest" time="0.038"/>
  <system-out><![CDATA[16:01:24.393 [Test worker] DEBUG org.springframework.context.annotation.AnnotationConfigApplicationContext - Refreshing org.springframework.context.annotation.AnnotationConfigApplicationContext@5f77d0f9
16:01:24.419 [Test worker] DEBUG org.springframework.beans.factory.support.DefaultListableBeanFactory - Creating shared instance of singleton bean 'org.springframework.context.annotation.internalConfigurationAnnotationProcessor'
16:01:24.445 [Test worker] DEBUG org.springframework.beans.factory.support.DefaultListableBeanFactory - Creating shared instance of singleton bean 'org.springframework.context.event.internalEventListenerProcessor'
16:01:24.447 [Test worker] DEBUG org.springframework.beans.factory.support.DefaultListableBeanFactory - Creating shared instance of singleton bean 'org.springframework.context.event.internalEventListenerFactory'
16:01:24.449 [Test worker] DEBUG org.springframework.beans.factory.support.DefaultListableBeanFactory - Creating shared instance of singleton bean 'org.springframework.context.annotation.internalAutowiredAnnotationProcessor'
16:01:24.451 [Test worker] DEBUG org.springframework.beans.factory.support.DefaultListableBeanFactory - Creating shared instance of singleton bean 'org.springframework.context.annotation.internalCommonAnnotationProcessor'
PrototyeBean.inithello.core.scope.SingletonWithPrototypeTest$PrototypeBean@655ef322
PrototyeBean.inithello.core.scope.SingletonWithPrototypeTest$PrototypeBean@4c5474f5
16:01:24.532 [Test worker] DEBUG org.springframework.context.annotation.AnnotationConfigApplicationContext - Refreshing org.springframework.context.annotation.AnnotationConfigApplicationContext@68044f4
16:01:24.533 [Test worker] DEBUG org.springframework.beans.factory.support.DefaultListableBeanFactory - Creating shared instance of singleton bean 'org.springframework.context.annotation.internalConfigurationAnnotationProcessor'
16:01:24.535 [Test worker] DEBUG org.springframework.beans.factory.support.DefaultListableBeanFactory - Creating shared instance of singleton bean 'org.springframework.context.event.internalEventListenerProcessor'
16:01:24.536 [Test worker] DEBUG org.springframework.beans.factory.support.DefaultListableBeanFactory - Creating shared instance of singleton bean 'org.springframework.context.event.internalEventListenerFactory'
16:01:24.537 [Test worker] DEBUG org.springframework.beans.factory.support.DefaultListableBeanFactory - Creating shared instance of singleton bean 'org.springframework.context.annotation.internalAutowiredAnnotationProcessor'
16:01:24.538 [Test worker] DEBUG org.springframework.beans.factory.support.DefaultListableBeanFactory - Creating shared instance of singleton bean 'org.springframework.context.annotation.internalCommonAnnotationProcessor'
16:01:24.542 [Test worker] DEBUG org.springframework.beans.factory.support.DefaultListableBeanFactory - Creating shared instance of singleton bean 'singletonWithPrototypeTest.ClientBean'
PrototyeBean.inithello.core.scope.SingletonWithPrototypeTest$PrototypeBean@4e70a728
16:01:24.558 [Test worker] DEBUG org.springframework.beans.factory.support.DefaultListableBeanFactory - Autowiring by type from bean name 'singletonWithPrototypeTest.ClientBean' via constructor to bean named 'singletonWithPrototypeTest.PrototypeBean'
]]></system-out>
  <system-err><![CDATA[]]></system-err>
</testsuite>
