<?xml version="1.0" encoding="UTF-8"?>
<testsuite name="hello.core.scope.PrototypeTest" tests="1" skipped="0" failures="0" errors="0" timestamp="2022-08-26T07:01:29" hostname="jeong-gyeongsuui-MacBookPro.local" time="0.007">
  <properties/>
  <testcase name="prototypeBeanFind()" classname="hello.core.scope.PrototypeTest" time="0.007"/>
  <system-out><![CDATA[find prototypeBean1
Singleton.init
find prototypeBean2
Singleton.init
Singleton.destroy
Singleton.destroy
]]></system-out>
  <system-err><![CDATA[]]></system-err>
</testsuite>
