<?xml version="1.0" encoding="UTF-8"?>
<testsuite name="hello.core.singleton.ConfigurationSingletonTest" tests="2" skipped="0" failures="0" errors="0" timestamp="2022-08-26T07:01:29" hostname="jeong-gyeongsuui-MacBookPro.local" time="0.017">
  <properties/>
  <testcase name="configurationDeep()" classname="hello.core.singleton.ConfigurationSingletonTest" time="0.007"/>
  <testcase name="configurationTest()" classname="hello.core.singleton.ConfigurationSingletonTest" time="0.009"/>
  <system-out><![CDATA[call AppConfig.memberService
call AppConfig.memberRepository
call AppConfig.orderService
bean = hello.core.AppConfig$$EnhancerBySpringCGLIB$$f28daf37@565d7d2f
call AppConfig.memberService
call AppConfig.memberRepository
call AppConfig.orderService
hello.core.member.MemoryMemberRepository@477523ba
hello.core.member.MemoryMemberRepository@477523ba
]]></system-out>
  <system-err><![CDATA[]]></system-err>
</testsuite>
