<?xml version="1.0" encoding="UTF-8"?>
<testsuite name="hello.core.scope.SingletonTest" tests="1" skipped="0" failures="0" errors="0" timestamp="2022-08-26T07:01:29" hostname="jeong-gyeongsuui-MacBookPro.local" time="0.006">
  <properties/>
  <testcase name="singleTonBeanFind()" classname="hello.core.scope.SingletonTest" time="0.006"/>
  <system-out><![CDATA[Singleton.init
singletonBean1 = hello.core.scope.SingletonTest$SingletonBean@7b9e25bd
singletonBean1 = hello.core.scope.SingletonTest$SingletonBean@7b9e25bd
]]></system-out>
  <system-err><![CDATA[]]></system-err>
</testsuite>
