<?xml version="1.0" encoding="UTF-8"?>
<testsuite name="hello.core.beanfind.ApplicationContextSameBeanFindTest" tests="3" skipped="0" failures="0" errors="0" timestamp="2022-08-26T07:01:28" hostname="jeong-gyeongsuui-MacBookPro.local" time="0.035">
  <properties/>
  <testcase name="타입으로 조회시 같은 타입이 둘 이상 있으면, 중복 오류가 발생한다." classname="hello.core.beanfind.ApplicationContextSameBeanFindTest" time="0.003"/>
  <testcase name="특정 타입을 모두 조회하기" classname="hello.core.beanfind.ApplicationContextSameBeanFindTest" time="0.001"/>
  <testcase name="타입으로 조회시 같은 타입이 둘 이상 있으면, 빈 이름을 지정하면 된다." classname="hello.core.beanfind.ApplicationContextSameBeanFindTest" time="0.0"/>
  <system-out><![CDATA[key = memberRepository1value = hello.core.member.MemoryMemberRepository@6842c101
key = memberRepository2value = hello.core.member.MemoryMemberRepository@234cd86c
beansOfType = {memberRepository1=hello.core.member.MemoryMemberRepository@6842c101, memberRepository2=hello.core.member.MemoryMemberRepository@234cd86c}
]]></system-out>
  <system-err><![CDATA[]]></system-err>
</testsuite>
