<?xml version="1.0" encoding="UTF-8"?>
<testsuite name="hello.core.singleton.SingletonTest" tests="2" skipped="0" failures="0" errors="0" timestamp="2022-08-26T07:01:29" hostname="jeong-gyeongsuui-MacBookPro.local" time="0.019">
  <properties/>
  <testcase name="싱글톤 패턴을 적용한 객체 사용" classname="hello.core.singleton.SingletonTest" time="0.004"/>
  <testcase name="스프링 컨테이너와 싱글톤" classname="hello.core.singleton.SingletonTest" time="0.014"/>
  <system-out><![CDATA[service : hello.core.singleton.SingletonServiceTest@203e705e
call AppConfig.memberService
call AppConfig.memberRepository
call AppConfig.orderService
]]></system-out>
  <system-err><![CDATA[]]></system-err>
</testsuite>
